\BOOKMARK [0][-]{chapter.1}{\376\377\0001\000\040\000S\000T\000V\000D\000-\000P\000M\000S}{}% 1
\BOOKMARK [1][-]{section.1.1}{\376\377\0001\000.\0001\000\040\000D\000a\000t\000a\000\040\000l\000o\000a\000d\000e\000r}{chapter.1}% 2
\BOOKMARK [1][-]{section.1.2}{\376\377\0001\000.\0002\000\040\000N\000a\000t\000u\000r\000a\000l\000\040\000L\000a\000n\000g\000u\000a\000g\000e\000\040\000T\000e\000x\000t\000\040\000P\000r\000o\000c\000e\000s\000s\000i\000n\000g\000\040\000w\000i\000t\000h\000\040\000X\000M\000L}{chapter.1}% 3
\BOOKMARK [0][-]{chapter.2}{\376\377\0002\000\040\000N\000a\000m\000e\000s\000p\000a\000c\000e\000\040\000I\000n\000d\000e\000x}{}% 4
\BOOKMARK [1][-]{section.2.1}{\376\377\0002\000.\0001\000\040\000N\000a\000m\000e\000s\000p\000a\000c\000e\000\040\000L\000i\000s\000t}{chapter.2}% 5
\BOOKMARK [0][-]{chapter.3}{\376\377\0003\000\040\000C\000l\000a\000s\000s\000\040\000I\000n\000d\000e\000x}{}% 6
\BOOKMARK [1][-]{section.3.1}{\376\377\0003\000.\0001\000\040\000C\000l\000a\000s\000s\000\040\000L\000i\000s\000t}{chapter.3}% 7
\BOOKMARK [0][-]{chapter.4}{\376\377\0004\000\040\000F\000i\000l\000e\000\040\000I\000n\000d\000e\000x}{}% 8
\BOOKMARK [1][-]{section.4.1}{\376\377\0004\000.\0001\000\040\000F\000i\000l\000e\000\040\000L\000i\000s\000t}{chapter.4}% 9
\BOOKMARK [0][-]{chapter.5}{\376\377\0005\000\040\000N\000a\000m\000e\000s\000p\000a\000c\000e\000\040\000D\000o\000c\000u\000m\000e\000n\000t\000a\000t\000i\000o\000n}{}% 10
\BOOKMARK [1][-]{section.5.1}{\376\377\0005\000.\0001\000\040\0001\000\137\000g\000e\000n\000e\000r\000a\000t\000e\000\137\000l\000a\000t\000e\000n\000c\000y\000\040\000N\000a\000m\000e\000s\000p\000a\000c\000e\000\040\000R\000e\000f\000e\000r\000e\000n\000c\000e}{chapter.5}% 11
\BOOKMARK [2][-]{subsection.5.1.1}{\376\377\0005\000.\0001\000.\0001\000\040\000F\000u\000n\000c\000t\000i\000o\000n\000\040\000D\000o\000c\000u\000m\000e\000n\000t\000a\000t\000i\000o\000n}{section.5.1}% 12
\BOOKMARK [3][-]{subsubsection.5.1.1.1}{\376\377\0005\000.\0001\000.\0001\000.\0001\000\040\000c\000h\000e\000c\000k\000\137\000t\000i\000m\000e\000s\000t\000a\000m\000p\000\137\000v\000a\000l\000i\000d\000\050\000\051}{subsection.5.1.1}% 13
\BOOKMARK [3][-]{subsubsection.5.1.1.2}{\376\377\0005\000.\0001\000.\0001\000.\0002\000\040\000c\000h\000e\000c\000k\000i\000n\000g\000\050\000\051}{subsection.5.1.1}% 14
\BOOKMARK [3][-]{subsubsection.5.1.1.3}{\376\377\0005\000.\0001\000.\0001\000.\0003\000\040\000c\000o\000n\000v\000e\000r\000t\000\137\000x\000l\000m\000\137\000f\000i\000l\000e\000\137\000t\000o\000\137\000d\000a\000t\000e\000\050\000\051}{subsection.5.1.1}% 15
\BOOKMARK [3][-]{subsubsection.5.1.1.4}{\376\377\0005\000.\0001\000.\0001\000.\0004\000\040\000m\000a\000i\000n\000\050\000\051}{subsection.5.1.1}% 16
\BOOKMARK [3][-]{subsubsection.5.1.1.5}{\376\377\0005\000.\0001\000.\0001\000.\0005\000\040\000n\000o\000m\000a\000r\000l\000i\000z\000e\000T\000e\000x\000t\000\050\000\051}{subsection.5.1.1}% 17
\BOOKMARK [3][-]{subsubsection.5.1.1.6}{\376\377\0005\000.\0001\000.\0001\000.\0006\000\040\000r\000e\000a\000d\000\137\000x\000m\000l\000\050\000\051}{subsection.5.1.1}% 18
\BOOKMARK [2][-]{subsection.5.1.2}{\376\377\0005\000.\0001\000.\0002\000\040\000V\000a\000r\000i\000a\000b\000l\000e\000\040\000D\000o\000c\000u\000m\000e\000n\000t\000a\000t\000i\000o\000n}{section.5.1}% 19
\BOOKMARK [3][-]{subsubsection.5.1.2.1}{\376\377\0005\000.\0001\000.\0002\000.\0001\000\040\000d\000a\000t\000a\000\137\000l\000i\000s\000t}{subsection.5.1.2}% 20
\BOOKMARK [1][-]{section.5.2}{\376\377\0005\000.\0002\000\040\000c\000o\000m\000m\000o\000n\000\040\000N\000a\000m\000e\000s\000p\000a\000c\000e\000\040\000R\000e\000f\000e\000r\000e\000n\000c\000e}{chapter.5}% 21
\BOOKMARK [2][-]{subsection.5.2.1}{\376\377\0005\000.\0002\000.\0001\000\040\000F\000u\000n\000c\000t\000i\000o\000n\000\040\000D\000o\000c\000u\000m\000e\000n\000t\000a\000t\000i\000o\000n}{section.5.2}% 22
\BOOKMARK [3][-]{subsubsection.5.2.1.1}{\376\377\0005\000.\0002\000.\0001\000.\0001\000\040\000c\000h\000e\000c\000k\000\137\000f\000i\000l\000e\000\050\000\051}{subsection.5.2.1}% 23
\BOOKMARK [3][-]{subsubsection.5.2.1.2}{\376\377\0005\000.\0002\000.\0001\000.\0002\000\040\000g\000e\000t\000\137\000c\000h\000a\000n\000n\000e\000l\000\137\000n\000a\000m\000e\000\137\000b\000y\000\137\000c\000o\000d\000e\000\050\000\051}{subsection.5.2.1}% 24
\BOOKMARK [3][-]{subsubsection.5.2.1.3}{\376\377\0005\000.\0002\000.\0001\000.\0003\000\040\000m\000a\000p\000\137\000c\000h\000a\000n\000n\000e\000l\000\050\000\051}{subsection.5.2.1}% 25
\BOOKMARK [0][-]{chapter.6}{\376\377\0006\000\040\000C\000l\000a\000s\000s\000\040\000D\000o\000c\000u\000m\000e\000n\000t\000a\000t\000i\000o\000n}{}% 26
\BOOKMARK [1][-]{section.6.1}{\376\377\0006\000.\0001\000\040\000G\000r\000e\000e\000d\000y\000\040\000C\000l\000a\000s\000s\000\040\000R\000e\000f\000e\000r\000e\000n\000c\000e}{chapter.6}% 27
\BOOKMARK [2][-]{subsection.6.1.1}{\376\377\0006\000.\0001\000.\0001\000\040\000C\000o\000n\000s\000t\000r\000u\000c\000t\000o\000r\000\040\000\046\000\040\000D\000e\000s\000t\000r\000u\000c\000t\000o\000r\000\040\000D\000o\000c\000u\000m\000e\000n\000t\000a\000t\000i\000o\000n}{section.6.1}% 28
\BOOKMARK [3][-]{subsubsection.6.1.1.1}{\376\377\0006\000.\0001\000.\0001\000.\0001\000\040\000G\000r\000e\000e\000d\000y\000\050\000\051\000\040\000[\0001\000/\0002\000]}{subsection.6.1.1}% 29
\BOOKMARK [3][-]{subsubsection.6.1.1.2}{\376\377\0006\000.\0001\000.\0001\000.\0002\000\040\000G\000r\000e\000e\000d\000y\000\050\000\051\000\040\000[\0002\000/\0002\000]}{subsection.6.1.1}% 30
\BOOKMARK [2][-]{subsection.6.1.2}{\376\377\0006\000.\0001\000.\0002\000\040\000M\000e\000m\000b\000e\000r\000\040\000F\000u\000n\000c\000t\000i\000o\000n\000\040\000D\000o\000c\000u\000m\000e\000n\000t\000a\000t\000i\000o\000n}{section.6.1}% 31
\BOOKMARK [3][-]{subsubsection.6.1.2.1}{\376\377\0006\000.\0001\000.\0002\000.\0001\000\040\000e\000x\000c\000h\000a\000n\000g\000e\000C\000h\000e\000c\000k\000\050\000\051}{subsection.6.1.2}% 32
\BOOKMARK [3][-]{subsubsection.6.1.2.2}{\376\377\0006\000.\0001\000.\0002\000.\0002\000\040\000f\000i\000n\000d\000C\000i\000\050\000\051}{subsection.6.1.2}% 33
\BOOKMARK [3][-]{subsubsection.6.1.2.3}{\376\377\0006\000.\0001\000.\0002\000.\0003\000\040\000f\000i\000n\000d\000P\000o\000i\000n\000t\000s\000\050\000\051}{subsection.6.1.2}% 34
\BOOKMARK [3][-]{subsubsection.6.1.2.4}{\376\377\0006\000.\0001\000.\0002\000.\0004\000\040\000f\000i\000n\000d\000Q\000i\000\050\000\051}{subsection.6.1.2}% 35
\BOOKMARK [3][-]{subsubsection.6.1.2.5}{\376\377\0006\000.\0001\000.\0002\000.\0005\000\040\000s\000e\000t\000A\000l\000p\000h\000a\000\050\000\051}{subsection.6.1.2}% 36
\BOOKMARK [3][-]{subsubsection.6.1.2.6}{\376\377\0006\000.\0001\000.\0002\000.\0006\000\040\000s\000e\000t\000M\000a\000x\000C\000h\000a\000n\000n\000e\000l\000\050\000\051}{subsection.6.1.2}% 37
\BOOKMARK [3][-]{subsubsection.6.1.2.7}{\376\377\0006\000.\0001\000.\0002\000.\0007\000\040\000s\000e\000t\000O\000m\000e\000g\000a\000\050\000\051}{subsection.6.1.2}% 38
\BOOKMARK [3][-]{subsubsection.6.1.2.8}{\376\377\0006\000.\0001\000.\0002\000.\0008\000\040\000s\000o\000l\000v\000e\000\050\000\051}{subsection.6.1.2}% 39
\BOOKMARK [1][-]{section.6.2}{\376\377\0006\000.\0002\000\040\000I\000n\000t\000e\000r\000v\000a\000l\000\040\000C\000l\000a\000s\000s\000\040\000R\000e\000f\000e\000r\000e\000n\000c\000e}{chapter.6}% 40
\BOOKMARK [2][-]{subsection.6.2.1}{\376\377\0006\000.\0002\000.\0001\000\040\000C\000o\000n\000s\000t\000r\000u\000c\000t\000o\000r\000\040\000\046\000\040\000D\000e\000s\000t\000r\000u\000c\000t\000o\000r\000\040\000D\000o\000c\000u\000m\000e\000n\000t\000a\000t\000i\000o\000n}{section.6.2}% 41
\BOOKMARK [3][-]{subsubsection.6.2.1.1}{\376\377\0006\000.\0002\000.\0001\000.\0001\000\040\000I\000n\000t\000e\000r\000v\000a\000l\000\050\000\051\000\040\000[\0001\000/\0002\000]}{subsection.6.2.1}% 42
\BOOKMARK [3][-]{subsubsection.6.2.1.2}{\376\377\0006\000.\0002\000.\0001\000.\0002\000\040\000I\000n\000t\000e\000r\000v\000a\000l\000\050\000\051\000\040\000[\0002\000/\0002\000]}{subsection.6.2.1}% 43
\BOOKMARK [2][-]{subsection.6.2.2}{\376\377\0006\000.\0002\000.\0002\000\040\000M\000e\000m\000b\000e\000r\000\040\000F\000u\000n\000c\000t\000i\000o\000n\000\040\000D\000o\000c\000u\000m\000e\000n\000t\000a\000t\000i\000o\000n}{section.6.2}% 44
\BOOKMARK [3][-]{subsubsection.6.2.2.1}{\376\377\0006\000.\0002\000.\0002\000.\0001\000\040\000g\000e\000n\000e\000r\000a\000t\000e\000R\000a\000n\000d\000o\000m\000W\000e\000i\000g\000h\000t\000\050\000\051}{subsection.6.2.2}% 45
\BOOKMARK [3][-]{subsubsection.6.2.2.2}{\376\377\0006\000.\0002\000.\0002\000.\0002\000\040\000g\000e\000t\000C\000h\000a\000n\000n\000e\000l\000\050\000\051}{subsection.6.2.2}% 46
\BOOKMARK [3][-]{subsubsection.6.2.2.3}{\376\377\0006\000.\0002\000.\0002\000.\0003\000\040\000g\000e\000t\000H\000a\000s\000h\000c\000o\000d\000e\000\050\000\051}{subsection.6.2.2}% 47
\BOOKMARK [3][-]{subsubsection.6.2.2.4}{\376\377\0006\000.\0002\000.\0002\000.\0004\000\040\000g\000e\000t\000I\000d\000\050\000\051}{subsection.6.2.2}% 48
\BOOKMARK [3][-]{subsubsection.6.2.2.5}{\376\377\0006\000.\0002\000.\0002\000.\0005\000\040\000g\000e\000t\000S\000t\000a\000r\000t\000D\000a\000t\000e\000\050\000\051}{subsection.6.2.2}% 49
\BOOKMARK [3][-]{subsubsection.6.2.2.6}{\376\377\0006\000.\0002\000.\0002\000.\0006\000\040\000g\000e\000t\000S\000t\000o\000p\000D\000a\000t\000e\000\050\000\051}{subsection.6.2.2}% 50
\BOOKMARK [3][-]{subsubsection.6.2.2.7}{\376\377\0006\000.\0002\000.\0002\000.\0007\000\040\000g\000e\000t\000W\000e\000i\000g\000h\000t\000\050\000\051}{subsection.6.2.2}% 51
\BOOKMARK [3][-]{subsubsection.6.2.2.8}{\376\377\0006\000.\0002\000.\0002\000.\0008\000\040\000p\000r\000i\000n\000t\000I\000n\000t\000e\000r\000v\000a\000l\000\050\000\051}{subsection.6.2.2}% 52
\BOOKMARK [3][-]{subsubsection.6.2.2.9}{\376\377\0006\000.\0002\000.\0002\000.\0009\000\040\000s\000e\000t\000S\000t\000a\000r\000t\000D\000a\000t\000e\000\050\000\051}{subsection.6.2.2}% 53
\BOOKMARK [3][-]{subsubsection.6.2.2.10}{\376\377\0006\000.\0002\000.\0002\000.\0001\0000\000\040\000s\000e\000t\000S\000t\000o\000p\000D\000a\000t\000e\000\050\000\051}{subsection.6.2.2}% 54
\BOOKMARK [1][-]{section.6.3}{\376\377\0006\000.\0003\000\040\000I\000n\000t\000e\000r\000v\000a\000l\000P\000a\000r\000s\000e\000r\000\040\000C\000l\000a\000s\000s\000\040\000R\000e\000f\000e\000r\000e\000n\000c\000e}{chapter.6}% 55
\BOOKMARK [2][-]{subsection.6.3.1}{\376\377\0006\000.\0003\000.\0001\000\040\000C\000o\000n\000s\000t\000r\000u\000c\000t\000o\000r\000\040\000\046\000\040\000D\000e\000s\000t\000r\000u\000c\000t\000o\000r\000\040\000D\000o\000c\000u\000m\000e\000n\000t\000a\000t\000i\000o\000n}{section.6.3}% 56
\BOOKMARK [3][-]{subsubsection.6.3.1.1}{\376\377\0006\000.\0003\000.\0001\000.\0001\000\040\000I\000n\000t\000e\000r\000v\000a\000l\000P\000a\000r\000s\000e\000r\000\050\000\051}{subsection.6.3.1}% 57
\BOOKMARK [3][-]{subsubsection.6.3.1.2}{\376\377\0006\000.\0003\000.\0001\000.\0002\000\040\000\040\000I\000n\000t\000e\000r\000v\000a\000l\000P\000a\000r\000s\000e\000r\000\050\000\051}{subsection.6.3.1}% 58
\BOOKMARK [2][-]{subsection.6.3.2}{\376\377\0006\000.\0003\000.\0002\000\040\000M\000e\000m\000b\000e\000r\000\040\000F\000u\000n\000c\000t\000i\000o\000n\000\040\000D\000o\000c\000u\000m\000e\000n\000t\000a\000t\000i\000o\000n}{section.6.3}% 59
\BOOKMARK [3][-]{subsubsection.6.3.2.1}{\376\377\0006\000.\0003\000.\0002\000.\0001\000\040\000o\000r\000i\000g\000i\000n\000T\000o\000Z\000e\000r\000o\000\050\000\051}{subsection.6.3.2}% 60
\BOOKMARK [3][-]{subsubsection.6.3.2.2}{\376\377\0006\000.\0003\000.\0002\000.\0002\000\040\000p\000a\000r\000s\000e\000\050\000\051}{subsection.6.3.2}% 61
\BOOKMARK [3][-]{subsubsection.6.3.2.3}{\376\377\0006\000.\0003\000.\0002\000.\0003\000\040\000s\000o\000r\000t\000I\000n\000t\000e\000r\000v\000a\000l\000s\000\050\000\051}{subsection.6.3.2}% 62
\BOOKMARK [1][-]{section.6.4}{\376\377\0006\000.\0004\000\040\000P\000o\000i\000n\000t\000\040\000C\000l\000a\000s\000s\000\040\000R\000e\000f\000e\000r\000e\000n\000c\000e}{chapter.6}% 63
\BOOKMARK [2][-]{subsection.6.4.1}{\376\377\0006\000.\0004\000.\0001\000\040\000C\000o\000n\000s\000t\000r\000u\000c\000t\000o\000r\000\040\000\046\000\040\000D\000e\000s\000t\000r\000u\000c\000t\000o\000r\000\040\000D\000o\000c\000u\000m\000e\000n\000t\000a\000t\000i\000o\000n}{section.6.4}% 64
\BOOKMARK [3][-]{subsubsection.6.4.1.1}{\376\377\0006\000.\0004\000.\0001\000.\0001\000\040\000P\000o\000i\000n\000t\000\050\000\051\000\040\000[\0001\000/\0002\000]}{subsection.6.4.1}% 65
\BOOKMARK [3][-]{subsubsection.6.4.1.2}{\376\377\0006\000.\0004\000.\0001\000.\0002\000\040\000P\000o\000i\000n\000t\000\050\000\051\000\040\000[\0002\000/\0002\000]}{subsection.6.4.1}% 66
\BOOKMARK [2][-]{subsection.6.4.2}{\376\377\0006\000.\0004\000.\0002\000\040\000M\000e\000m\000b\000e\000r\000\040\000F\000u\000n\000c\000t\000i\000o\000n\000\040\000D\000o\000c\000u\000m\000e\000n\000t\000a\000t\000i\000o\000n}{section.6.4}% 67
\BOOKMARK [3][-]{subsubsection.6.4.2.1}{\376\377\0006\000.\0004\000.\0002\000.\0001\000\040\000g\000e\000t\000C\000o\000s\000t\000\050\000\051}{subsection.6.4.2}% 68
\BOOKMARK [3][-]{subsubsection.6.4.2.2}{\376\377\0006\000.\0004\000.\0002\000.\0002\000\040\000g\000e\000t\000I\000d\000\050\000\051}{subsection.6.4.2}% 69
\BOOKMARK [3][-]{subsubsection.6.4.2.3}{\376\377\0006\000.\0004\000.\0002\000.\0003\000\040\000g\000e\000t\000M\000i\000n\000I\000n\000t\000e\000r\000v\000a\000l\000\050\000\051}{subsection.6.4.2}% 70
\BOOKMARK [3][-]{subsubsection.6.4.2.4}{\376\377\0006\000.\0004\000.\0002\000.\0004\000\040\000s\000e\000t\000C\000o\000s\000t\000\050\000\051}{subsection.6.4.2}% 71
\BOOKMARK [3][-]{subsubsection.6.4.2.5}{\376\377\0006\000.\0004\000.\0002\000.\0005\000\040\000s\000e\000t\000M\000i\000n\000I\000n\000t\000e\000r\000v\000a\000l\000\050\000\051}{subsection.6.4.2}% 72
\BOOKMARK [1][-]{section.6.5}{\376\377\0006\000.\0005\000\040\000S\000o\000l\000u\000t\000i\000o\000n\000P\000a\000r\000s\000e\000r\000\040\000C\000l\000a\000s\000s\000\040\000R\000e\000f\000e\000r\000e\000n\000c\000e}{chapter.6}% 73
\BOOKMARK [2][-]{subsection.6.5.1}{\376\377\0006\000.\0005\000.\0001\000\040\000C\000o\000n\000s\000t\000r\000u\000c\000t\000o\000r\000\040\000\046\000\040\000D\000e\000s\000t\000r\000u\000c\000t\000o\000r\000\040\000D\000o\000c\000u\000m\000e\000n\000t\000a\000t\000i\000o\000n}{section.6.5}% 74
\BOOKMARK [3][-]{subsubsection.6.5.1.1}{\376\377\0006\000.\0005\000.\0001\000.\0001\000\040\000S\000o\000l\000u\000t\000i\000o\000n\000P\000a\000r\000s\000e\000r\000\050\000\051}{subsection.6.5.1}% 75
\BOOKMARK [3][-]{subsubsection.6.5.1.2}{\376\377\0006\000.\0005\000.\0001\000.\0002\000\040\000\040\000S\000o\000l\000u\000t\000i\000o\000n\000P\000a\000r\000s\000e\000r\000\050\000\051}{subsection.6.5.1}% 76
\BOOKMARK [2][-]{subsection.6.5.2}{\376\377\0006\000.\0005\000.\0002\000\040\000M\000e\000m\000b\000e\000r\000\040\000F\000u\000n\000c\000t\000i\000o\000n\000\040\000D\000o\000c\000u\000m\000e\000n\000t\000a\000t\000i\000o\000n}{section.6.5}% 77
\BOOKMARK [3][-]{subsubsection.6.5.2.1}{\376\377\0006\000.\0005\000.\0002\000.\0001\000\040\000w\000r\000i\000t\000e\000C\000S\000V\000\050\000\051}{subsection.6.5.2}% 78
\BOOKMARK [0][-]{chapter.7}{\376\377\0007\000\040\000F\000i\000l\000e\000\040\000D\000o\000c\000u\000m\000e\000n\000t\000a\000t\000i\000o\000n}{}% 79
\BOOKMARK [1][-]{section.7.1}{\376\377\0007\000.\0001\000\040\000E\000:\000/\000P\000o\000l\000y\000/\000D\000I\0005\000/\000P\000R\000D\000/\000A\000l\000g\000o\000\137\000w\000o\000r\000k\000s\000p\000a\000c\000e\000/\000G\000r\000e\000e\000d\000y\000A\000l\000p\000h\000a\000/\000G\000r\000e\000e\000d\000y\000/\000G\000r\000e\000e\000d\000y\000/\000G\000r\000e\000e\000d\000y\000.\000c\000p\000p\000\040\000F\000i\000l\000e\000\040\000R\000e\000f\000e\000r\000e\000n\000c\000e}{chapter.7}% 80
\BOOKMARK [1][-]{section.7.2}{\376\377\0007\000.\0002\000\040\000E\000:\000/\000P\000o\000l\000y\000/\000D\000I\0005\000/\000P\000R\000D\000/\000A\000l\000g\000o\000\137\000w\000o\000r\000k\000s\000p\000a\000c\000e\000/\000G\000r\000e\000e\000d\000y\000A\000l\000p\000h\000a\000/\000G\000r\000e\000e\000d\000y\000/\000G\000r\000e\000e\000d\000y\000/\000G\000r\000e\000e\000d\000y\000.\000h\000\040\000F\000i\000l\000e\000\040\000R\000e\000f\000e\000r\000e\000n\000c\000e}{chapter.7}% 81
\BOOKMARK [1][-]{section.7.3}{\376\377\0007\000.\0003\000\040\000E\000:\000/\000P\000o\000l\000y\000/\000D\000I\0005\000/\000P\000R\000D\000/\000A\000l\000g\000o\000\137\000w\000o\000r\000k\000s\000p\000a\000c\000e\000/\000G\000r\000e\000e\000d\000y\000A\000l\000p\000h\000a\000/\000G\000r\000e\000e\000d\000y\000/\000G\000r\000e\000e\000d\000y\000/\000G\000r\000e\000e\000d\000y\000.\000h}{chapter.7}% 82
\BOOKMARK [1][-]{section.7.4}{\376\377\0007\000.\0004\000\040\000E\000:\000/\000P\000o\000l\000y\000/\000D\000I\0005\000/\000P\000R\000D\000/\000A\000l\000g\000o\000\137\000w\000o\000r\000k\000s\000p\000a\000c\000e\000/\000G\000r\000e\000e\000d\000y\000A\000l\000p\000h\000a\000/\000G\000r\000e\000e\000d\000y\000/\000G\000r\000e\000e\000d\000y\000/\000I\000n\000t\000e\000r\000v\000a\000l\000.\000c\000p\000p\000\040\000F\000i\000l\000e\000\040\000R\000e\000f\000e\000r\000e\000n\000c\000e}{chapter.7}% 83
\BOOKMARK [1][-]{section.7.5}{\376\377\0007\000.\0005\000\040\000E\000:\000/\000P\000o\000l\000y\000/\000D\000I\0005\000/\000P\000R\000D\000/\000A\000l\000g\000o\000\137\000w\000o\000r\000k\000s\000p\000a\000c\000e\000/\000G\000r\000e\000e\000d\000y\000A\000l\000p\000h\000a\000/\000G\000r\000e\000e\000d\000y\000/\000G\000r\000e\000e\000d\000y\000/\000I\000n\000t\000e\000r\000v\000a\000l\000.\000h\000\040\000F\000i\000l\000e\000\040\000R\000e\000f\000e\000r\000e\000n\000c\000e}{chapter.7}% 84
\BOOKMARK [1][-]{section.7.6}{\376\377\0007\000.\0006\000\040\000E\000:\000/\000P\000o\000l\000y\000/\000D\000I\0005\000/\000P\000R\000D\000/\000A\000l\000g\000o\000\137\000w\000o\000r\000k\000s\000p\000a\000c\000e\000/\000G\000r\000e\000e\000d\000y\000A\000l\000p\000h\000a\000/\000G\000r\000e\000e\000d\000y\000/\000G\000r\000e\000e\000d\000y\000/\000I\000n\000t\000e\000r\000v\000a\000l\000.\000h}{chapter.7}% 85
\BOOKMARK [1][-]{section.7.7}{\376\377\0007\000.\0007\000\040\000E\000:\000/\000P\000o\000l\000y\000/\000D\000I\0005\000/\000P\000R\000D\000/\000A\000l\000g\000o\000\137\000w\000o\000r\000k\000s\000p\000a\000c\000e\000/\000G\000r\000e\000e\000d\000y\000A\000l\000p\000h\000a\000/\000G\000r\000e\000e\000d\000y\000/\000G\000r\000e\000e\000d\000y\000/\000I\000n\000t\000e\000r\000v\000a\000l\000P\000a\000r\000s\000e\000r\000.\000c\000p\000p\000\040\000F\000i\000l\000e\000\040\000R\000e\000f\000e\000r\000e\000n\000c\000e}{chapter.7}% 86
\BOOKMARK [1][-]{section.7.8}{\376\377\0007\000.\0008\000\040\000E\000:\000/\000P\000o\000l\000y\000/\000D\000I\0005\000/\000P\000R\000D\000/\000A\000l\000g\000o\000\137\000w\000o\000r\000k\000s\000p\000a\000c\000e\000/\000G\000r\000e\000e\000d\000y\000A\000l\000p\000h\000a\000/\000G\000r\000e\000e\000d\000y\000/\000G\000r\000e\000e\000d\000y\000/\000I\000n\000t\000e\000r\000v\000a\000l\000P\000a\000r\000s\000e\000r\000.\000h\000\040\000F\000i\000l\000e\000\040\000R\000e\000f\000e\000r\000e\000n\000c\000e}{chapter.7}% 87
\BOOKMARK [2][-]{subsection.7.8.1}{\376\377\0007\000.\0008\000.\0001\000\040\000M\000a\000c\000r\000o\000\040\000D\000e\000f\000i\000n\000i\000t\000i\000o\000n\000\040\000D\000o\000c\000u\000m\000e\000n\000t\000a\000t\000i\000o\000n}{section.7.8}% 88
\BOOKMARK [3][-]{subsubsection.7.8.1.1}{\376\377\0007\000.\0008\000.\0001\000.\0001\000\040\000I\000n\000t\000e\000r\000v\000a\000l\000P\000a\000r\000s\000e\000r\0008\000H}{subsection.7.8.1}% 89
\BOOKMARK [1][-]{section.7.9}{\376\377\0007\000.\0009\000\040\000E\000:\000/\000P\000o\000l\000y\000/\000D\000I\0005\000/\000P\000R\000D\000/\000A\000l\000g\000o\000\137\000w\000o\000r\000k\000s\000p\000a\000c\000e\000/\000G\000r\000e\000e\000d\000y\000A\000l\000p\000h\000a\000/\000G\000r\000e\000e\000d\000y\000/\000G\000r\000e\000e\000d\000y\000/\000I\000n\000t\000e\000r\000v\000a\000l\000P\000a\000r\000s\000e\000r\000.\000h}{chapter.7}% 90
\BOOKMARK [1][-]{section.7.10}{\376\377\0007\000.\0001\0000\000\040\000E\000:\000/\000P\000o\000l\000y\000/\000D\000I\0005\000/\000P\000R\000D\000/\000A\000l\000g\000o\000\137\000w\000o\000r\000k\000s\000p\000a\000c\000e\000/\000G\000r\000e\000e\000d\000y\000A\000l\000p\000h\000a\000/\000G\000r\000e\000e\000d\000y\000/\000G\000r\000e\000e\000d\000y\000/\000m\000a\000i\000n\000.\000c\000p\000p\000\040\000F\000i\000l\000e\000\040\000R\000e\000f\000e\000r\000e\000n\000c\000e}{chapter.7}% 91
\BOOKMARK [2][-]{subsection.7.10.1}{\376\377\0007\000.\0001\0000\000.\0001\000\040\000F\000u\000n\000c\000t\000i\000o\000n\000\040\000D\000o\000c\000u\000m\000e\000n\000t\000a\000t\000i\000o\000n}{section.7.10}% 92
\BOOKMARK [3][-]{subsubsection.7.10.1.1}{\376\377\0007\000.\0001\0000\000.\0001\000.\0001\000\040\000m\000a\000i\000n\000\050\000\051}{subsection.7.10.1}% 93
\BOOKMARK [1][-]{section.7.11}{\376\377\0007\000.\0001\0001\000\040\000E\000:\000/\000P\000o\000l\000y\000/\000D\000I\0005\000/\000P\000R\000D\000/\000A\000l\000g\000o\000\137\000w\000o\000r\000k\000s\000p\000a\000c\000e\000/\000G\000r\000e\000e\000d\000y\000A\000l\000p\000h\000a\000/\000G\000r\000e\000e\000d\000y\000/\000G\000r\000e\000e\000d\000y\000/\000P\000o\000i\000n\000t\000.\000c\000p\000p\000\040\000F\000i\000l\000e\000\040\000R\000e\000f\000e\000r\000e\000n\000c\000e}{chapter.7}% 94
\BOOKMARK [1][-]{section.7.12}{\376\377\0007\000.\0001\0002\000\040\000E\000:\000/\000P\000o\000l\000y\000/\000D\000I\0005\000/\000P\000R\000D\000/\000A\000l\000g\000o\000\137\000w\000o\000r\000k\000s\000p\000a\000c\000e\000/\000G\000r\000e\000e\000d\000y\000A\000l\000p\000h\000a\000/\000G\000r\000e\000e\000d\000y\000/\000G\000r\000e\000e\000d\000y\000/\000P\000o\000i\000n\000t\000.\000h\000\040\000F\000i\000l\000e\000\040\000R\000e\000f\000e\000r\000e\000n\000c\000e}{chapter.7}% 95
\BOOKMARK [1][-]{section.7.13}{\376\377\0007\000.\0001\0003\000\040\000E\000:\000/\000P\000o\000l\000y\000/\000D\000I\0005\000/\000P\000R\000D\000/\000A\000l\000g\000o\000\137\000w\000o\000r\000k\000s\000p\000a\000c\000e\000/\000G\000r\000e\000e\000d\000y\000A\000l\000p\000h\000a\000/\000G\000r\000e\000e\000d\000y\000/\000G\000r\000e\000e\000d\000y\000/\000P\000o\000i\000n\000t\000.\000h}{chapter.7}% 96
\BOOKMARK [1][-]{section.7.14}{\376\377\0007\000.\0001\0004\000\040\000E\000:\000/\000P\000o\000l\000y\000/\000D\000I\0005\000/\000P\000R\000D\000/\000A\000l\000g\000o\000\137\000w\000o\000r\000k\000s\000p\000a\000c\000e\000/\000G\000r\000e\000e\000d\000y\000A\000l\000p\000h\000a\000/\000G\000r\000e\000e\000d\000y\000/\000G\000r\000e\000e\000d\000y\000/\000P\000y\000t\000h\000o\000n\000/\0001\000\137\000g\000e\000n\000e\000r\000a\000t\000e\000\137\000l\000a\000t\000e\000n\000c\000y\000.\000p\000y\000\040\000F\000i\000l\000e\000\040\000R\000e\000f\000e\000r\000e\000n\000c\000e}{chapter.7}% 97
\BOOKMARK [1][-]{section.7.15}{\376\377\0007\000.\0001\0005\000\040\000E\000:\000/\000P\000o\000l\000y\000/\000D\000I\0005\000/\000P\000R\000D\000/\000A\000l\000g\000o\000\137\000w\000o\000r\000k\000s\000p\000a\000c\000e\000/\000G\000r\000e\000e\000d\000y\000A\000l\000p\000h\000a\000/\000G\000r\000e\000e\000d\000y\000/\000G\000r\000e\000e\000d\000y\000/\000P\000y\000t\000h\000o\000n\000/\000c\000o\000m\000m\000o\000n\000.\000p\000y\000\040\000F\000i\000l\000e\000\040\000R\000e\000f\000e\000r\000e\000n\000c\000e}{chapter.7}% 98
\BOOKMARK [1][-]{section.7.16}{\376\377\0007\000.\0001\0006\000\040\000E\000:\000/\000P\000o\000l\000y\000/\000D\000I\0005\000/\000P\000R\000D\000/\000A\000l\000g\000o\000\137\000w\000o\000r\000k\000s\000p\000a\000c\000e\000/\000G\000r\000e\000e\000d\000y\000A\000l\000p\000h\000a\000/\000G\000r\000e\000e\000d\000y\000/\000G\000r\000e\000e\000d\000y\000/\000P\000y\000t\000h\000o\000n\000/\000R\000E\000A\000D\000M\000E\000.\000m\000d\000\040\000F\000i\000l\000e\000\040\000R\000e\000f\000e\000r\000e\000n\000c\000e}{chapter.7}% 99
\BOOKMARK [1][-]{section.7.17}{\376\377\0007\000.\0001\0007\000\040\000E\000:\000/\000P\000o\000l\000y\000/\000D\000I\0005\000/\000P\000R\000D\000/\000A\000l\000g\000o\000\137\000w\000o\000r\000k\000s\000p\000a\000c\000e\000/\000G\000r\000e\000e\000d\000y\000A\000l\000p\000h\000a\000/\000G\000r\000e\000e\000d\000y\000/\000G\000r\000e\000e\000d\000y\000/\000S\000o\000l\000u\000t\000i\000o\000n\000P\000a\000r\000s\000e\000r\000.\000c\000p\000p\000\040\000F\000i\000l\000e\000\040\000R\000e\000f\000e\000r\000e\000n\000c\000e}{chapter.7}% 100
\BOOKMARK [1][-]{section.7.18}{\376\377\0007\000.\0001\0008\000\040\000E\000:\000/\000P\000o\000l\000y\000/\000D\000I\0005\000/\000P\000R\000D\000/\000A\000l\000g\000o\000\137\000w\000o\000r\000k\000s\000p\000a\000c\000e\000/\000G\000r\000e\000e\000d\000y\000A\000l\000p\000h\000a\000/\000G\000r\000e\000e\000d\000y\000/\000G\000r\000e\000e\000d\000y\000/\000S\000o\000l\000u\000t\000i\000o\000n\000P\000a\000r\000s\000e\000r\000.\000h\000\040\000F\000i\000l\000e\000\040\000R\000e\000f\000e\000r\000e\000n\000c\000e}{chapter.7}% 101
\BOOKMARK [1][-]{section.7.19}{\376\377\0007\000.\0001\0009\000\040\000E\000:\000/\000P\000o\000l\000y\000/\000D\000I\0005\000/\000P\000R\000D\000/\000A\000l\000g\000o\000\137\000w\000o\000r\000k\000s\000p\000a\000c\000e\000/\000G\000r\000e\000e\000d\000y\000A\000l\000p\000h\000a\000/\000G\000r\000e\000e\000d\000y\000/\000G\000r\000e\000e\000d\000y\000/\000S\000o\000l\000u\000t\000i\000o\000n\000P\000a\000r\000s\000e\000r\000.\000h}{chapter.7}% 102
\BOOKMARK [0][-]{section*.21}{\376\377\000I\000n\000d\000e\000x}{}% 103
